==============================================================================
20180129 20:38:06.704 - INFO - + START SUITE: Acceptancetest [ ]
==============================================================================
20180129 20:38:06.751 - INFO - +- START SUITE: Acceptancetest.HelloWorldTests [ ]
==============================================================================
20180129 20:38:06.766 - INFO - +-- START TEST: Say Hello [ ]
------------------------------------------------------------------------------
20180129 20:38:06.766 - INFO - +--- START KW: keywords.CustomKeywords.Greet Everyone [ ]
20180129 20:38:06.766 - INFO - +--- END KW: keywords.CustomKeywords.Greet Everyone (0)
------------------------------------------------------------------------------
20180129 20:38:06.782 - INFO - +-- END TEST: Say Hello (0)
------------------------------------------------------------------------------
20180129 20:38:06.782 - INFO - +-- START TEST: Say Hello In Pig Latin [ ]
------------------------------------------------------------------------------
20180129 20:38:06.782 - INFO - +--- START KW: keywords.CustomKeywords.Reverse Greet Everyone [ ]
20180129 20:38:06.813 - INFO - +--- END KW: keywords.CustomKeywords.Reverse Greet Everyone (31)
------------------------------------------------------------------------------
20180129 20:38:06.813 - INFO - +-- END TEST: Say Hello In Pig Latin (31)
------------------------------------------------------------------------------
20180129 20:38:06.829 - INFO - +-- START TEST: Make Sure You're Saying Hello [ ]
------------------------------------------------------------------------------
20180129 20:38:06.829 - INFO - +--- START KW: keywords.CustomKeywords.Greet Everyone [ ]
20180129 20:38:06.829 - INFO - ${result} = hello world
20180129 20:38:06.829 - INFO - +--- END KW: keywords.CustomKeywords.Greet Everyone (0)
~~~~~~~~~~~~~~~~~~~~~~~~~~~~~~~~~~~~~~~~~~~~~~~~~~~~~~~~~~~~~~~~~~~~~~~~~~~~~~
20180129 20:38:06.844 - INFO - +--- START KW: BuiltIn.Should Be Equal [ ${result} | hello world ]
20180129 20:38:06.844 - INFO - +--- END KW: BuiltIn.Should Be Equal (15)
------------------------------------------------------------------------------
20180129 20:38:06.844 - INFO - +-- END TEST: Make Sure You're Saying Hello (15)
------------------------------------------------------------------------------
20180129 20:38:06.844 - INFO - +-- START TEST: Make A Test That Fails [ ]
------------------------------------------------------------------------------
20180129 20:38:06.860 - INFO - +--- START KW: keywords.CustomKeywords.Reverse Greet Everyone [ ]
20180129 20:38:06.860 - INFO - ${result} = dlrow olleh
20180129 20:38:06.860 - INFO - +--- END KW: keywords.CustomKeywords.Reverse Greet Everyone (0)
~~~~~~~~~~~~~~~~~~~~~~~~~~~~~~~~~~~~~~~~~~~~~~~~~~~~~~~~~~~~~~~~~~~~~~~~~~~~~~
20180129 20:38:06.860 - INFO - +--- START KW: BuiltIn.Should Be Equal [ ${result} | dlrow olleh ]
20180129 20:38:06.860 - INFO - +--- END KW: BuiltIn.Should Be Equal (0)
------------------------------------------------------------------------------
20180129 20:38:06.876 - INFO - +-- END TEST: Make A Test That Fails (16)
------------------------------------------------------------------------------
20180129 20:38:06.876 - INFO - +- END SUITE: Acceptancetest.HelloWorldTests (172)
==============================================================================
20180129 20:38:06.876 - INFO - + END SUITE: Acceptancetest (453)
==============================================================================
